<?xml version="1.0" encoding="UTF-8"?>
<!-- Generated by org.testng.reporters.JUnitXMLReporter -->
<testsuite ignored="2" hostname="Poshithvardhan" failures="0" tests="2" name="Test" time="29.361" errors="0" timestamp="2023-10-12T21:31:08 IST">
  <testcase classname="testscripts.WindowPopupModelTest" name="handleWindowTest" time="13.78"/>
  <testcase classname="testscripts.SimpleFormDemoTest" name="sampleFormDemoTest" time="10.035"/>
  <testcase classname="testscripts.BaseTest" name="@BeforeSuite beforeSuite" time="0.0">
    <ignored/>
  </testcase> <!-- @BeforeSuite beforeSuite -->
  <testcase classname="testscripts.BaseTest" name="@AfterSuite afterSuite" time="0.0">
    <ignored/>
  </testcase> <!-- @AfterSuite afterSuite -->
</testsuite> <!-- Test -->
